<testsuite errors="0" failures="0" name="Django Project Tests" skips="0" tests="10" time="0.251"><testcase classname="polls.tests.QuestionDetailViewTests" name="test_future_question" time="0.056142" /><testcase classname="polls.tests.QuestionDetailViewTests" name="test_past_question" time="0.066036" /><testcase classname="polls.tests.QuestionIndexViewTests" name="test_future_question" time="0.024399" /><testcase classname="polls.tests.QuestionIndexViewTests" name="test_future_question_and_past_question" time="0.015617" /><testcase classname="polls.tests.QuestionIndexViewTests" name="test_no_questions" time="0.017564" /><testcase classname="polls.tests.QuestionIndexViewTests" name="test_past_question" time="0.035120" /><testcase classname="polls.tests.QuestionIndexViewTests" name="test_two_past_questions" time="0.013664" /><testcase classname="polls.tests.QuestionModelTests" name="test_was_published_recently_with_future_question" time="0.000000" /><testcase classname="polls.tests.QuestionModelTests" name="test_was_published_recently_with_old_question" time="0.000000" /><testcase classname="polls.tests.QuestionModelTests" name="test_was_published_recently_with_recent_question" time="0.000000" /></testsuite>